<?xml version="1.0" encoding="UTF-8"?>
<!-- Generated by org.testng.reporters.JUnitXMLReporter -->
<testsuite hostname="rajatchauhan" name="piractice suite" tests="2" failures="0" timestamp="15 Mar 2020 18:09:23 GMT" time="0.132" errors="0">
  <testcase name="@BeforeTest setUp" time="0.0" classname="com.Selenium.TestCase.CheckDrivers">
    <failure type="java.lang.NullPointerException">
      <![CDATA[java.lang.NullPointerException
	at com.Selenium.TestCase.CheckDrivers.setUp(CheckDrivers.java:21)
... Removed 23 stack frames]]>
    </failure>
  </testcase> <!-- @BeforeTest setUp -->
  <testcase name="@AfterTest endSession" time="0.0" classname="com.Selenium.TestCase.CheckDrivers">
    <skipped/>
  </testcase> <!-- @AfterTest endSession -->
  <testcase name="OpenYoutube" time="0.005" classname="com.Selenium.TestCase.CheckDrivers">
    <skipped/>
  </testcase> <!-- OpenYoutube -->
  <testcase name="OpenYoutube" time="0.005" classname="com.Selenium.TestCase.CheckDrivers">
    <skipped/>
  </testcase> <!-- OpenYoutube -->
</testsuite> <!-- piractice suite -->
