<?xml version="1.0" encoding="UTF-8"?>
<testng-results skipped="0" failed="0" ignored="0" total="1" passed="1">
  <reporter-output>
  </reporter-output>
  <suite name="Suite" duration-ms="54884" started-at="2020-06-15T08:32:05Z" finished-at="2020-06-15T08:33:00Z">
    <groups>
    </groups>
    <test name="Test" duration-ms="54884" started-at="2020-06-15T08:32:05Z" finished-at="2020-06-15T08:33:00Z">
      <class name="com.Selenium.TestCase.CheckDrivers">
        <test-method status="PASS" signature="setUp(java.lang.String)[pri:0, instance:com.Selenium.TestCase.CheckDrivers@3532ec19]" name="setUp" is-config="true" duration-ms="12513" started-at="2020-06-15T14:02:05Z" finished-at="2020-06-15T14:02:17Z">
          <params>
            <param index="0">
              <value>
                <![CDATA[chrome]]>
              </value>
            </param>
          </params>
          <reporter-output>
          </reporter-output>
        </test-method> <!-- setUp -->
        <test-method status="PASS" signature="OpenYoutube()[pri:0, instance:com.Selenium.TestCase.CheckDrivers@3532ec19]" name="OpenYoutube" duration-ms="15061" started-at="2020-06-15T14:02:17Z" finished-at="2020-06-15T14:02:32Z">
          <reporter-output>
          </reporter-output>
        </test-method> <!-- OpenYoutube -->
        <test-method status="PASS" signature="endSession()[pri:0, instance:com.Selenium.TestCase.CheckDrivers@3532ec19]" name="endSession" is-config="true" duration-ms="27228" started-at="2020-06-15T14:02:32Z" finished-at="2020-06-15T14:03:00Z">
          <reporter-output>
          </reporter-output>
        </test-method> <!-- endSession -->
      </class> <!-- com.Selenium.TestCase.CheckDrivers -->
    </test> <!-- Test -->
  </suite> <!-- Suite -->
</testng-results>
